#
# A fatal error has been detected by the Java Runtime Environment:
#
#  Internal Error (generateOopMap.cpp:1623), pid=6564, tid=0x0000000000006e1c
#  Error: ShouldNotReachHere()
#
# JRE version: Java(TM) SE Runtime Environment (8.0_221-b11) (build 1.8.0_221-b11)
# Java VM: Java HotSpot(TM) 64-Bit Server VM (25.221-b11 mixed mode windows-amd64 compressed oops)
# Failed to write core dump. Minidumps are not enabled by default on client versions of Windows
#
# If you would like to submit a bug report, please visit:
#   http://bugreport.java.com/bugreport/crash.jsp
#

---------------  T H R E A D  ---------------

Current thread (0x00000000179f8800):  VMThread [stack: 0x0000000019710000,0x0000000019810000] [id=28188]

Stack: [0x0000000019710000,0x0000000019810000]
[error occurred during error reporting (printing stack bounds), id 0xc0000005]

Native frames: (J=compiled Java code, j=interpreted, Vv=VM code, C=native code)

VM_Operation (0x000000001a16f620): GetOrSetLocal, mode: safepoint, requested by thread 0x00000000198b3800


---------------  P R O C E S S  ---------------

Java Threads: ( => current thread )
  0x000000001a429800 JavaThread "Service Thread" daemon [_thread_blocked, id=24300, stack(0x000000001af70000,0x000000001b070000)]
  0x000000001a3d7000 JavaThread "C1 CompilerThread3" daemon [_thread_blocked, id=30108, stack(0x000000001ae70000,0x000000001af70000)]
  0x000000001a3d6800 JavaThread "C2 CompilerThread2" daemon [_thread_blocked, id=15992, stack(0x000000001ad70000,0x000000001ae70000)]
  0x000000001a3d5800 JavaThread "C2 CompilerThread1" daemon [_thread_blocked, id=22812, stack(0x000000001ac70000,0x000000001ad70000)]
  0x000000001a3d3000 JavaThread "C2 CompilerThread0" daemon [_thread_blocked, id=27568, stack(0x000000001ab70000,0x000000001ac70000)]
  0x00000000198c0800 JavaThread "JDWP Command Reader" daemon [_thread_in_native, id=31392, stack(0x000000001a270000,0x000000001a370000)]
  0x00000000198bf000 JavaThread "JDWP Event Helper Thread" daemon [_thread_blocked, id=28216, stack(0x000000001a170000,0x000000001a270000)]
  0x00000000198b3800 JavaThread "JDWP Transport Listener: dt_socket" daemon [_thread_blocked, id=31716, stack(0x000000001a070000,0x000000001a170000)]
  0x0000000017a0c000 JavaThread "Attach Listener" daemon [_thread_blocked, id=27084, stack(0x0000000019f70000,0x000000001a070000)]
  0x0000000019856000 JavaThread "Signal Dispatcher" daemon [_thread_blocked, id=29560, stack(0x0000000019e70000,0x0000000019f70000)]
  0x0000000017a03000 JavaThread "Finalizer" daemon [_thread_blocked, id=17600, stack(0x0000000019d10000,0x0000000019e10000)]
  0x0000000002aee000 JavaThread "Reference Handler" daemon [_thread_blocked, id=24732, stack(0x0000000019c10000,0x0000000019d10000)]
  0x00000000029f6800 JavaThread "main" [_thread_blocked, id=27696, stack(0x00000000027f0000,0x00000000028f0000)]

Other Threads:
=>0x00000000179f8800 VMThread [stack: 0x0000000019710000,0x0000000019810000] [id=28188]
  0x000000001a415000 WatcherThread [stack: 0x000000001b070000,0x000000001b170000] [id=31116]

VM state:at safepoint (normal execution)

VM Mutex/Monitor currently owned by a thread:  ([mutex/lock_event])
[0x00000000029f3f10] Threads_lock - owner thread: 0x00000000179f8800

heap address: 0x0000000082400000, size: 2012 MB, Compressed Oops mode: 32-bit
Narrow klass base: 0x0000000000000000, Narrow klass shift: 3
Compressed class space size: 1073741824 Address: 0x0000000100000000

Heap:
 PSYoungGen      total 37888K, used 8085K [0x00000000d6180000, 0x00000000d8b80000, 0x0000000100000000)
  eden space 32768K, 9% used [0x00000000d6180000,0x00000000d646b788,0x00000000d8180000)
  from space 5120K, 99% used [0x00000000d8680000,0x00000000d8b79d60,0x00000000d8b80000)
  to   space 5120K, 0% used [0x00000000d8180000,0x00000000d8180000,0x00000000d8680000)
 ParOldGen       total 86016K, used 1801K [0x0000000082400000, 0x0000000087800000, 0x00000000d6180000)
  object space 86016K, 2% used [0x0000000082400000,0x00000000825c2498,0x0000000087800000)
 Metaspace       used 14034K, capacity 14398K, committed 14592K, reserved 1062912K
  class space    used 1600K, capacity 1723K, committed 1792K, reserved 1048576K

Card table byte_map: [0x0000000011eb0000,0x00000000122a0000] byte_map_base: 0x0000000011a9e000

Marking Bits: (ParMarkBitMap*) 0x000000005d585ce0
 Begin Bits: [0x0000000012d40000, 0x0000000014cb0000)
 End Bits:   [0x0000000014cb0000, 0x0000000016c20000)

Polling page: 0x0000000000a80000

CodeCache: size=245760Kb used=4838Kb max_used=4870Kb free=240921Kb
 bounds [0x0000000002af0000, 0x0000000002fc0000, 0x0000000011af0000]
 total_blobs=1663 nmethods=1286 adapters=297
 compilation: enabled

Compilation events (10 events):
Event: 2.890 Thread 0x000000001a3d6800 1279       4       java.lang.String::lastIndexOf (13 bytes)
Event: 2.892 Thread 0x000000001a3d6800 nmethod 1279 0x0000000002f9ba90 code [0x0000000002f9bbe0, 0x0000000002f9bd78]
Event: 2.892 Thread 0x000000001a3d3000 nmethod 1276 0x0000000002f98750 code [0x0000000002f988c0, 0x0000000002f99398]
Event: 3.036 Thread 0x000000001a3d5800 nmethod 1265 0x0000000002fa8690 code [0x0000000002fa8a80, 0x0000000002fb1870]
Event: 12.821 Thread 0x000000001a3d7000 1284       3       java.util.zip.ZipFile$ZipFileInflaterInputStream::finalize (5 bytes)
Event: 12.821 Thread 0x000000001a3d7000 nmethod 1284 0x0000000002f9a8d0 code [0x0000000002f9aa40, 0x0000000002f9abc8]
Event: 12.822 Thread 0x000000001a3d7000 1285       3       java.util.zip.ZipFile$ZipFileInputStream::finalize (5 bytes)
Event: 12.822 Thread 0x000000001a3d7000 nmethod 1285 0x0000000002f9a550 code [0x0000000002f9a6c0, 0x0000000002f9a848]
Event: 12.822 Thread 0x000000001a3d7000 1286       1       java.lang.ref.Finalizer::access$000 (4 bytes)
Event: 12.822 Thread 0x000000001a3d7000 nmethod 1286 0x0000000002f9a290 code [0x0000000002f9a3e0, 0x0000000002f9a4d0]

GC Heap History (4 events):
Event: 1.923 GC heap before
{Heap before GC invocations=1 (full 0):
 PSYoungGen      total 37888K, used 32768K [0x00000000d6180000, 0x00000000d8b80000, 0x0000000100000000)
  eden space 32768K, 100% used [0x00000000d6180000,0x00000000d8180000,0x00000000d8180000)
  from space 5120K, 0% used [0x00000000d8680000,0x00000000d8680000,0x00000000d8b80000)
  to   space 5120K, 0% used [0x00000000d8180000,0x00000000d8180000,0x00000000d8680000)
 ParOldGen       total 86016K, used 0K [0x0000000082400000, 0x0000000087800000, 0x00000000d6180000)
  object space 86016K, 0% used [0x0000000082400000,0x0000000082400000,0x0000000087800000)
 Metaspace       used 9095K, capacity 9342K, committed 9600K, reserved 1058816K
  class space    used 1050K, capacity 1136K, committed 1152K, reserved 1048576K
Event: 1.929 GC heap after
Heap after GC invocations=1 (full 0):
 PSYoungGen      total 37888K, used 4214K [0x00000000d6180000, 0x00000000d8b80000, 0x0000000100000000)
  eden space 32768K, 0% used [0x00000000d6180000,0x00000000d6180000,0x00000000d8180000)
  from space 5120K, 82% used [0x00000000d8180000,0x00000000d859d9d0,0x00000000d8680000)
  to   space 5120K, 0% used [0x00000000d8680000,0x00000000d8680000,0x00000000d8b80000)
 ParOldGen       total 86016K, used 80K [0x0000000082400000, 0x0000000087800000, 0x00000000d6180000)
  object space 86016K, 0% used [0x0000000082400000,0x0000000082414010,0x0000000087800000)
 Metaspace       used 9095K, capacity 9342K, committed 9600K, reserved 1058816K
  class space    used 1050K, capacity 1136K, committed 1152K, reserved 1048576K
}
Event: 12.815 GC heap before
{Heap before GC invocations=2 (full 0):
 PSYoungGen      total 37888K, used 36982K [0x00000000d6180000, 0x00000000d8b80000, 0x0000000100000000)
  eden space 32768K, 100% used [0x00000000d6180000,0x00000000d8180000,0x00000000d8180000)
  from space 5120K, 82% used [0x00000000d8180000,0x00000000d859d9d0,0x00000000d8680000)
  to   space 5120K, 0% used [0x00000000d8680000,0x00000000d8680000,0x00000000d8b80000)
 ParOldGen       total 86016K, used 80K [0x0000000082400000, 0x0000000087800000, 0x00000000d6180000)
  object space 86016K, 0% used [0x0000000082400000,0x0000000082414010,0x0000000087800000)
 Metaspace       used 13606K, capacity 13982K, committed 14336K, reserved 1062912K
  class space    used 1564K, capacity 1691K, committed 1792K, reserved 1048576K
Event: 12.821 GC heap after
Heap after GC invocations=2 (full 0):
 PSYoungGen      total 37888K, used 5095K [0x00000000d6180000, 0x00000000d8b80000, 0x0000000100000000)
  eden space 32768K, 0% used [0x00000000d6180000,0x00000000d6180000,0x00000000d8180000)
  from space 5120K, 99% used [0x00000000d8680000,0x00000000d8b79d60,0x00000000d8b80000)
  to   space 5120K, 0% used [0x00000000d8180000,0x00000000d8180000,0x00000000d8680000)
 ParOldGen       total 86016K, used 1801K [0x0000000082400000, 0x0000000087800000, 0x00000000d6180000)
  object space 86016K, 2% used [0x0000000082400000,0x00000000825c2498,0x0000000087800000)
 Metaspace       used 13606K, capacity 13982K, committed 14336K, reserved 1062912K
  class space    used 1564K, capacity 1691K, committed 1792K, reserved 1048576K
}

Deoptimization events (10 events):
Event: 1.641 Thread 0x00000000029f6800 Uncommon trap: reason=unstable_if action=reinterpret pc=0x0000000002dadb8c method=java.io.WinNTFileSystem.normalize(Ljava/lang/String;)Ljava/lang/String; @ 128
Event: 2.116 Thread 0x00000000029f6800 Uncommon trap: reason=unstable_if action=reinterpret pc=0x0000000002d0d854 method=java.lang.AbstractStringBuilder.append(Ljava/lang/String;)Ljava/lang/AbstractStringBuilder; @ 1
Event: 2.149 Thread 0x00000000029f6800 Uncommon trap: reason=unstable_if action=reinterpret pc=0x0000000002eab8c0 method=java.util.HashMap.putVal(ILjava/lang/Object;Ljava/lang/Object;ZZ)Ljava/lang/Object; @ 236
Event: 2.208 Thread 0x00000000029f6800 Uncommon trap: reason=class_check action=maybe_recompile pc=0x0000000002eed7ac method=java.util.regex.Pattern$BmpCharProperty.match(Ljava/util/regex/Matcher;ILjava/lang/CharSequence;)Z @ 31
Event: 2.208 Thread 0x00000000029f6800 Uncommon trap: reason=unstable_if action=reinterpret pc=0x0000000002eed710 method=java.util.regex.Pattern$BmpCharProperty.match(Ljava/util/regex/Matcher;ILjava/lang/CharSequence;)Z @ 5
Event: 2.747 Thread 0x00000000029f6800 Uncommon trap: reason=class_check action=maybe_recompile pc=0x0000000002dd4e5c method=java.util.jar.JarFile.getJarEntry(Ljava/lang/String;)Ljava/util/jar/JarEntry; @ 2
Event: 2.748 Thread 0x00000000029f6800 Uncommon trap: reason=class_check action=maybe_recompile pc=0x0000000002dd4e5c method=java.util.jar.JarFile.getJarEntry(Ljava/lang/String;)Ljava/util/jar/JarEntry; @ 2
Event: 2.748 Thread 0x00000000029f6800 Uncommon trap: reason=class_check action=maybe_recompile pc=0x0000000002dd4e5c method=java.util.jar.JarFile.getJarEntry(Ljava/lang/String;)Ljava/util/jar/JarEntry; @ 2
Event: 2.748 Thread 0x00000000029f6800 Uncommon trap: reason=class_check action=maybe_recompile pc=0x0000000002dd4e5c method=java.util.jar.JarFile.getJarEntry(Ljava/lang/String;)Ljava/util/jar/JarEntry; @ 2
Event: 2.841 Thread 0x00000000029f6800 Uncommon trap: reason=unstable_if action=reinterpret pc=0x0000000002f8179c method=java.util.regex.Matcher.reset()Ljava/util/regex/Matcher; @ 47

Classes redefined (3 events):
Event: 115.129 Thread 0x00000000179f8800 redefined class name=cases.SendItemZH, count=1
Event: 894.173 Thread 0x00000000179f8800 redefined class name=cases.SendItemZH, count=2
Event: 1517.835 Thread 0x00000000179f8800 redefined class name=cases.SendItemZH, count=3

Internal exceptions (10 events):
Event: 0.388 Thread 0x00000000029f6800 Exception <a 'java/security/PrivilegedActionException'> (0x00000000d67412c8) thrown at [C:\re\workspace\8-2-build-windows-amd64-cygwin\jdk8u221\13320\hotspot\src\share\vm\prims\jvm.cpp, line 1502]
Event: 0.389 Thread 0x00000000029f6800 Exception <a 'java/security/PrivilegedActionException'> (0x00000000d6743d30) thrown at [C:\re\workspace\8-2-build-windows-amd64-cygwin\jdk8u221\13320\hotspot\src\share\vm\prims\jvm.cpp, line 1502]
Event: 0.389 Thread 0x00000000029f6800 Exception <a 'java/security/PrivilegedActionException'> (0x00000000d6743f40) thrown at [C:\re\workspace\8-2-build-windows-amd64-cygwin\jdk8u221\13320\hotspot\src\share\vm\prims\jvm.cpp, line 1502]
Event: 0.494 Thread 0x00000000029f6800 Exception <a 'java/lang/NoSuchFieldError': method resolution failed> (0x00000000d69cec80) thrown at [C:\re\workspace\8-2-build-windows-amd64-cygwin\jdk8u221\13320\hotspot\src\share\vm\prims\methodHandles.cpp, line 1167]
Event: 0.497 Thread 0x00000000029f6800 Exception <a 'java/lang/NoSuchFieldError': method resolution failed> (0x00000000d69dd5d0) thrown at [C:\re\workspace\8-2-build-windows-amd64-cygwin\jdk8u221\13320\hotspot\src\share\vm\prims\methodHandles.cpp, line 1167]
Event: 0.624 Thread 0x00000000029f6800 Exception <a 'java/lang/ArrayIndexOutOfBoundsException'> (0x00000000d6e144b8) thrown at [C:\re\workspace\8-2-build-windows-amd64-cygwin\jdk8u221\13320\hotspot\src\share\vm\runtime\sharedRuntime.cpp, line 605]
Event: 0.624 Thread 0x00000000029f6800 Exception <a 'java/lang/ArrayIndexOutOfBoundsException'> (0x00000000d6e16cc0) thrown at [C:\re\workspace\8-2-build-windows-amd64-cygwin\jdk8u221\13320\hotspot\src\share\vm\runtime\sharedRuntime.cpp, line 605]
Event: 0.847 Thread 0x00000000029f6800 Implicit null exception at 0x0000000002bffd14 to 0x0000000002bfff7d
Event: 1.752 Thread 0x00000000029f6800 Exception <a 'java/lang/NoSuchMethodError': java.lang.Object.lambda$comparingInt$7b0bb60$1(Ljava/util/function/ToIntFunction;Ljava/lang/Object;Ljava/lang/Object;)I> (0x00000000d7cc0700) thrown at [C:\re\workspace\8-2-build-windows-amd64-cygwin\jdk8u221\13
Event: 2.116 Thread 0x00000000029f6800 Implicit null exception at 0x0000000002d0d396 to 0x0000000002d0d83d

Events (10 events):
Event: 1517.847 Executing VM operation: ChangeBreakpoints done
Event: 1517.849 Executing VM operation: ChangeBreakpoints
Event: 1517.850 Executing VM operation: ChangeBreakpoints done
Event: 1517.856 Executing VM operation: GetOrSetLocal
Event: 1517.857 Executing VM operation: GetOrSetLocal done
Event: 1517.858 Executing VM operation: GetOrSetLocal
Event: 1517.858 Executing VM operation: GetOrSetLocal done
Event: 1517.899 Executing VM operation: GetOrSetLocal
Event: 1517.899 Executing VM operation: GetOrSetLocal done
Event: 1517.958 Executing VM operation: GetOrSetLocal


Dynamic libraries:
0x00007ff7a8650000 - 0x00007ff7a8687000 	D:\tools\Java\jdk1.8.0_221\bin\java.exe
0x00007ff938640000 - 0x00007ff93882d000 	C:\Windows\SYSTEM32\ntdll.dll
0x00007ff938150000 - 0x00007ff938203000 	C:\Windows\System32\KERNEL32.DLL
0x00007ff934950000 - 0x00007ff934be5000 	C:\Windows\System32\KERNELBASE.dll
0x00007ff936000000 - 0x00007ff9360a3000 	C:\Windows\System32\ADVAPI32.dll
0x00007ff935df0000 - 0x00007ff935e8e000 	C:\Windows\System32\msvcrt.dll
0x00007ff938040000 - 0x00007ff9380de000 	C:\Windows\System32\sechost.dll
0x00007ff935a80000 - 0x00007ff935ba2000 	C:\Windows\System32\RPCRT4.dll
0x00007ff935860000 - 0x00007ff9359f7000 	C:\Windows\System32\USER32.dll
0x00007ff934e30000 - 0x00007ff934e50000 	C:\Windows\System32\win32u.dll
0x00007ff9384d0000 - 0x00007ff9384f9000 	C:\Windows\System32\GDI32.dll
0x00007ff9356a0000 - 0x00007ff93583a000 	C:\Windows\System32\gdi32full.dll
0x00007ff934800000 - 0x00007ff9348a0000 	C:\Windows\System32\msvcp_win.dll
0x00007ff934700000 - 0x00007ff9347fa000 	C:\Windows\System32\ucrtbase.dll
0x00007ff924610000 - 0x00007ff924889000 	C:\Windows\WinSxS\amd64_microsoft.windows.common-controls_6595b64144ccf1df_6.0.17763.1282_none_de75b6f253473c0f\COMCTL32.dll
0x00007ff936530000 - 0x00007ff93685c000 	C:\Windows\System32\combase.dll
0x00007ff934ed0000 - 0x00007ff934f4e000 	C:\Windows\System32\bcryptPrimitives.dll
0x00007ff935d10000 - 0x00007ff935d3e000 	C:\Windows\System32\IMM32.DLL
0x000000005d610000 - 0x000000005d6e2000 	D:\tools\Java\jdk1.8.0_221\jre\bin\msvcr100.dll
0x000000005cd60000 - 0x000000005d605000 	D:\tools\Java\jdk1.8.0_221\jre\bin\server\jvm.dll
0x00007ff9384c0000 - 0x00007ff9384c8000 	C:\Windows\System32\PSAPI.DLL
0x00007ff924970000 - 0x00007ff924979000 	C:\Windows\SYSTEM32\WSOCK32.dll
0x00007ff9286c0000 - 0x00007ff9286e4000 	C:\Windows\SYSTEM32\WINMM.dll
0x00007ff936990000 - 0x00007ff9369fd000 	C:\Windows\System32\WS2_32.dll
0x00007ff92d1b0000 - 0x00007ff92d1ba000 	C:\Windows\SYSTEM32\VERSION.dll
0x00007ff928480000 - 0x00007ff9284ad000 	C:\Windows\SYSTEM32\WINMMBASE.dll
0x00007ff934e80000 - 0x00007ff934eca000 	C:\Windows\System32\cfgmgr32.dll
0x00007ff92cc20000 - 0x00007ff92cc2f000 	D:\tools\Java\jdk1.8.0_221\jre\bin\verify.dll
0x00007ff90e940000 - 0x00007ff90e969000 	D:\tools\Java\jdk1.8.0_221\jre\bin\java.dll
0x00007ff92ade0000 - 0x00007ff92ae15000 	D:\tools\Java\jdk1.8.0_221\jre\bin\jdwp.dll
0x00007ff92b240000 - 0x00007ff92b248000 	D:\tools\Java\jdk1.8.0_221\jre\bin\npt.dll
0x00007ff9233d0000 - 0x00007ff9233f3000 	D:\tools\Java\jdk1.8.0_221\jre\bin\instrument.dll
0x00007ff90e920000 - 0x00007ff90e936000 	D:\tools\Java\jdk1.8.0_221\jre\bin\zip.dll
0x00007ff936b40000 - 0x00007ff938038000 	C:\Windows\System32\SHELL32.dll
0x00007ff938560000 - 0x00007ff938608000 	C:\Windows\System32\shcore.dll
0x00007ff934f50000 - 0x00007ff93569f000 	C:\Windows\System32\windows.storage.dll
0x00007ff934630000 - 0x00007ff934654000 	C:\Windows\System32\profapi.dll
0x00007ff9346a0000 - 0x00007ff9346fd000 	C:\Windows\System32\powrprof.dll
0x00007ff9383c0000 - 0x00007ff938412000 	C:\Windows\System32\shlwapi.dll
0x00007ff934680000 - 0x00007ff934691000 	C:\Windows\System32\kernel.appcore.dll
0x00007ff935840000 - 0x00007ff935857000 	C:\Windows\System32\cryptsp.dll
0x00007ff92b230000 - 0x00007ff92b239000 	D:\tools\Java\jdk1.8.0_221\jre\bin\dt_socket.dll
0x00007ff933e60000 - 0x00007ff933ec7000 	C:\Windows\system32\mswsock.dll
0x00007ff90e8d0000 - 0x00007ff90e8ea000 	D:\tools\Java\jdk1.8.0_221\jre\bin\net.dll
0x00007ff929890000 - 0x00007ff929a67000 	C:\Windows\SYSTEM32\urlmon.dll
0x00007ff927de0000 - 0x00007ff928088000 	C:\Windows\SYSTEM32\iertutil.dll
0x00007ff934030000 - 0x00007ff93403c000 	C:\Windows\SYSTEM32\CRYPTBASE.DLL
0x00007ff9339e0000 - 0x00007ff933a13000 	C:\Windows\system32\rsaenh.dll
0x00007ff934e50000 - 0x00007ff934e76000 	C:\Windows\System32\bcrypt.dll
0x00007ff934520000 - 0x00007ff934548000 	C:\Windows\SYSTEM32\USERENV.dll
0x00007ff933b80000 - 0x00007ff933bbd000 	C:\Windows\SYSTEM32\IPHLPAPI.DLL
0x00007ff938140000 - 0x00007ff938148000 	C:\Windows\System32\NSI.dll
0x00007ff92d2a0000 - 0x00007ff92d2b6000 	C:\Windows\SYSTEM32\dhcpcsvc6.DLL
0x00007ff92d1e0000 - 0x00007ff92d1fc000 	C:\Windows\SYSTEM32\dhcpcsvc.DLL
0x00007ff933bc0000 - 0x00007ff933c87000 	C:\Windows\SYSTEM32\DNSAPI.dll
0x00007ff90e8b0000 - 0x00007ff90e8c2000 	D:\tools\Java\jdk1.8.0_221\jre\bin\nio.dll
0x00007ff90eba0000 - 0x00007ff90ebc4000 	D:\tools\Java\jdk1.8.0_221\jre\bin\sunec.dll

VM Arguments:
jvm_args: -agentlib:jdwp=transport=dt_socket,address=127.0.0.1:58567,suspend=y,server=n -ea -Dfile.encoding=UTF-8 -Didea.test.cyclic.buffer.size=1048576 -javaagent:C:\Users\lsjingjingw\.IdeaIC2019.1\system\captureAgent\debugger-agent.jar 
java_command: org.testng.RemoteTestNGStarter -usedefaultlisteners false -socket58566 @w@C:\Users\lsjingjingw\AppData\Local\Temp\idea_working_dirs_testng7.tmp -temp C:\Users\lsjingjingw\AppData\Local\Temp\idea_testng4.tmp
java_class_path (initial): D:\tools\idea\IntelliJ IDEA Community Edition 2019.1.3\lib\idea_rt.jar;D:\tools\idea\IntelliJ IDEA Community Edition 2019.1.3\plugins\testng\lib\testng-plugin.jar;D:\tools\Java\jdk1.8.0_221\jre\lib\charsets.jar;D:\tools\Java\jdk1.8.0_221\jre\lib\deploy.jar;D:\tools\Java\jdk1.8.0_221\jre\lib\ext\access-bridge-64.jar;D:\tools\Java\jdk1.8.0_221\jre\lib\ext\cldrdata.jar;D:\tools\Java\jdk1.8.0_221\jre\lib\ext\dnsns.jar;D:\tools\Java\jdk1.8.0_221\jre\lib\ext\jaccess.jar;D:\tools\Java\jdk1.8.0_221\jre\lib\ext\jfxrt.jar;D:\tools\Java\jdk1.8.0_221\jre\lib\ext\localedata.jar;D:\tools\Java\jdk1.8.0_221\jre\lib\ext\nashorn.jar;D:\tools\Java\jdk1.8.0_221\jre\lib\ext\sunec.jar;D:\tools\Java\jdk1.8.0_221\jre\lib\ext\sunjce_provider.jar;D:\tools\Java\jdk1.8.0_221\jre\lib\ext\sunmscapi.jar;D:\tools\Java\jdk1.8.0_221\jre\lib\ext\sunpkcs11.jar;D:\tools\Java\jdk1.8.0_221\jre\lib\ext\zipfs.jar;D:\tools\Java\jdk1.8.0_221\jre\lib\javaws.jar;D:\tools\Java\jdk1.8.0_221\jre\lib\jce.jar;D:\tools\Java\jdk1.8.0_221\jre\lib\jfr.jar;D:\tools\Java\jdk1.8.0_221\jre\lib\jfxswt.jar;D:\tools\Java\jdk1.8.0_221\jre\lib\jsse.jar;D:\tools\Java\jdk1.8.0_221\jre\lib\management-agent.jar;D:\tools\Java\jdk1.8.0_221\jre\lib\plugin.jar;D:\tools\Java\jdk1.8.0_221\jre\lib\resources.jar;D:\tools\Java\jdk1.8.0_221\jre\lib\rt.jar;D:\workspace\Demo1\ArtifactId1\target\test-classes;D:\workspace\Demo1\ArtifactId1\target\classes;D:\tools\maven\.m2\repository\net\sourceforge\jexcelapi\jxl\2.6.10\jxl-2.6.10.jar;D:\tools\maven\.m2\repository\log4j\log4j\1.2.14\log4j-1.2.14.jar;D:\tools\maven\.m2\repository\com\alibaba\fastjson\1.2.58\fastjson-1.2.58.jar;D:\tools\maven\.m2\repository\org\apache\httpcomponents\httpclient\4.5.6\httpclient-4.5.6.jar;D:\tools\maven\.m2\repository\org\apache\httpcomponents\httpcore\4.4.10\httpcore-4.4.10.jar;D:\tools\maven\.m2\repository\commons-logging\commons-logging\1.2\commons-logging-1.2.jar;D:\tools\maven\.m2\repository\commons-codec\commons-codec\1.10\commons-
Launcher Type: SUN_STANDARD

Environment Variables:
JAVA_HOME=D:\tools\Java\jdk1.8.0_221
CLASSPATH=D:\tools\jemter\apache-jmeter-5.1.1/lib/ext/ApacheJMeter_core.jar;D:\tools\jemter\apache-jmeter-5.1.1/lib/jorphan.jar;D:\tools\jemter\apache-jmeter-5.1.1/lib/logkit-2.0.jar;
PATH=D:\tools\xftp\;D:\tools\xshell\;D:\tools\Java\jdk1.8.0_221\bin;D:\tools\Java\jre1.8.0_221\bin;D:\tools\Java;C:\Windows/system32;C:\Windows;D:\tools\git\Git\cmd;D:\tools\svn\bin;C:\Program Files\Intel\WiFi\bin\;C:\Program Files\Common Files\Intel\WirelessCommon\;C:\Program Files (x86)\Google\Chrome\Application;D:\tools\maven\apache-maven-3.6.3\bin;".;D:\tools\Java\jdk1.8.0_221\lib;D:\tools\Java\jdk1.8.0_221\lib\tools.jar";";D:\tools\Java\jdk1.8.0_221;%JRE_HOME%";"D:\tools\Java\jdk1.8.0_221\bin;D:\tools\Java\jdk1.8.0_221\jre\bin";D:\tools\java+selenium\chromedriver_win32;D:\tools\python\Scripts\;D:\tools\python\;C:\Users\lsjingjingw\AppData\Local\Microsoft\WindowsApps;D:\learn\java\idea\IntelliJ IDEA 2019.1.3\bin;D:\tools\fiddler\Fiddler2;D:\tools\chromedriver_win32 (7);;D:\tools\VisoCode\Microsoft VS Code\bin
USERNAME=lsjingjingw
OS=Windows_NT
PROCESSOR_IDENTIFIER=Intel64 Family 6 Model 142 Stepping 10, GenuineIntel



---------------  S Y S T E M  ---------------

OS: Windows 10.0 , 64 bit Build 17763 (10.0.17763.1158)

CPU:total 8 (initial active 8) (4 cores per cpu, 2 threads per core) family 6 model 142 stepping 10, cmov, cx8, fxsr, mmx, sse, sse2, sse3, ssse3, sse4.1, sse4.2, popcnt, avx, avx2, aes, clmul, erms, 3dnowpref, lzcnt, ht, tsc, tscinvbit, bmi1, bmi2, adx

Memory: 4k page, physical 8239284k(991064k free), swap 22919348k(7910396k free)

vm_info: Java HotSpot(TM) 64-Bit Server VM (25.221-b11) for windows-amd64 JRE (1.8.0_221-b11), built on Jul  4 2019 04:39:29 by "java_re" with MS VC++ 10.0 (VS2010)

time: Tue Jun 16 16:00:36 2020
timezone: 中国标准时间
elapsed time: 1518 seconds (0d 0h 25m 18s)

